<?xml version="1.0" encoding="UTF-8"?>
<testsuite xmlns:xsi="http://www.w3.org/2001/XMLSchema-instance" xsi:noNamespaceSchemaLocation="https://maven.apache.org/surefire/maven-surefire-plugin/xsd/surefire-test-report-3.0.xsd" version="3.0" name="com.example.TqsStackTest" time="0.052" tests="9" errors="0" skipped="0" failures="0">
  <properties>
[...]
</properties>
  <testcase name="testPushFullStackThrowsException" classname="com.example.TqsStackTest" time="0.023"/>
  <testcase name="testPushXThenPopX" classname="com.example.TqsStackTest" time="0.002"/>
  <testcase name="testSizeNAfterNPops" classname="com.example.TqsStackTest" time="0.001"/>
  <testcase name="EmptyOnConstruction" classname="com.example.TqsStackTest" time="0.001"/>
  <testcase name="testPushXThenPeekX" classname="com.example.TqsStackTest" time="0.0"/>
  <testcase name="testPeekEmptyStack" classname="com.example.TqsStackTest" time="0.0"/>
  <testcase name="testSizeZeroOnConstruction" classname="com.example.TqsStackTest" time="0.0"/>
  <testcase name="testPushNotEmptyAndSizeN" classname="com.example.TqsStackTest" time="0.001"/>
  <testcase name="testPopEmptyStack" classname="com.example.TqsStackTest" time="0.001"/>
</testsuite>