<?xml version="1.0" encoding="UTF-8"?>
<testsuite xmlns:xsi="http://www.w3.org/2001/XMLSchema-instance" xsi:noNamespaceSchemaLocation="https://maven.apache.org/surefire/maven-surefire-plugin/xsd/surefire-test-report-3.0.xsd" version="3.0" name="tqs.sets.BoundedSetOfNaturalsTest" time="0.013" tests="5" errors="0" skipped="2" failures="0">
  <properties>
[...]
</properties>
  <testcase name="testSize" classname="tqs.sets.BoundedSetOfNaturalsTest" time="0.001"/>
  <testcase name="testAddElement" classname="tqs.sets.BoundedSetOfNaturalsTest" time="0">
    <skipped message="TODO revise test logic"/>
  </testcase>
  <testcase name="testContains" classname="tqs.sets.BoundedSetOfNaturalsTest" time="0.003"/>
  <testcase name="testAddFromBadArray" classname="tqs.sets.BoundedSetOfNaturalsTest" time="0">
    <skipped message="TODO revise to test the construction from invalid arrays"/>
  </testcase>
  <testcase name="testIntersects" classname="tqs.sets.BoundedSetOfNaturalsTest" time="0.001"/>
</testsuite>